[ 2017-01-23T15:37:17+08:00 ] 127.0.0.1 /Punlic/Admin/base.css
INFO: [ app_init ] --START--
INFO: Run Behavior\BuildLiteBehavior [ RunTime:0.000039s ]
INFO: [ app_init ] --END-- [ RunTime:0.000636s ]
ERR: 无法加载模块:Punlic

[ 2017-01-23T15:37:18+08:00 ] 127.0.0.1 /Punlic/Admin/base.css
INFO: [ app_init ] --START--
INFO: Run Behavior\BuildLiteBehavior [ RunTime:0.000039s ]
INFO: [ app_init ] --END-- [ RunTime:0.000673s ]
ERR: 无法加载模块:Punlic

[ 2017-01-23T15:37:18+08:00 ] 127.0.0.1 /Punlic/Admin/base.css
INFO: [ app_init ] --START--
INFO: Run Behavior\BuildLiteBehavior [ RunTime:0.000037s ]
INFO: [ app_init ] --END-- [ RunTime:0.000607s ]
ERR: 无法加载模块:Punlic

[ 2017-01-23T15:37:18+08:00 ] 127.0.0.1 /Punlic/Admin/base.css
INFO: [ app_init ] --START--
INFO: Run Behavior\BuildLiteBehavior [ RunTime:0.000052s ]
INFO: [ app_init ] --END-- [ RunTime:0.000792s ]
ERR: 无法加载模块:Punlic

[ 2017-01-23T15:37:25+08:00 ] 127.0.0.1 /Punlic/Admin/base.css
INFO: [ app_init ] --START--
INFO: Run Behavior\BuildLiteBehavior [ RunTime:0.000038s ]
INFO: [ app_init ] --END-- [ RunTime:0.000670s ]
ERR: 无法加载模块:Punlic

[ 2017-01-23T15:37:25+08:00 ] 127.0.0.1 /Punlic/Admin/login.css
INFO: [ app_init ] --START--
INFO: Run Behavior\BuildLiteBehavior [ RunTime:0.000042s ]
INFO: [ app_init ] --END-- [ RunTime:0.000622s ]
ERR: 无法加载模块:Punlic

[ 2017-01-23T15:37:32+08:00 ] 127.0.0.1 /Punlic/Admin/css/login.css
INFO: [ app_init ] --START--
INFO: Run Behavior\BuildLiteBehavior [ RunTime:0.000039s ]
INFO: [ app_init ] --END-- [ RunTime:0.000652s ]
ERR: 无法加载模块:Punlic

[ 2017-01-23T15:37:32+08:00 ] 127.0.0.1 /Punlic/Admin/css/base.css
INFO: [ app_init ] --START--
INFO: Run Behavior\BuildLiteBehavior [ RunTime:0.000065s ]
INFO: [ app_init ] --END-- [ RunTime:0.000798s ]
ERR: 无法加载模块:Punlic

[ 2017-01-23T15:37:33+08:00 ] 127.0.0.1 /Punlic/Admin/css/login.css
INFO: [ app_init ] --START--
INFO: Run Behavior\BuildLiteBehavior [ RunTime:0.000037s ]
INFO: [ app_init ] --END-- [ RunTime:0.000915s ]
ERR: 无法加载模块:Punlic

[ 2017-01-23T15:37:33+08:00 ] 127.0.0.1 /Punlic/Admin/css/base.css
INFO: [ app_init ] --START--
INFO: Run Behavior\BuildLiteBehavior [ RunTime:0.000053s ]
INFO: [ app_init ] --END-- [ RunTime:0.000862s ]
ERR: 无法加载模块:Punlic

[ 2017-01-23T15:37:33+08:00 ] 127.0.0.1 /Punlic/Admin/css/base.css
INFO: [ app_init ] --START--
INFO: Run Behavior\BuildLiteBehavior [ RunTime:0.000042s ]
INFO: [ app_init ] --END-- [ RunTime:0.000663s ]
ERR: 无法加载模块:Punlic

[ 2017-01-23T15:37:33+08:00 ] 127.0.0.1 /Punlic/Admin/css/login.css
INFO: [ app_init ] --START--
INFO: Run Behavior\BuildLiteBehavior [ RunTime:0.000044s ]
INFO: [ app_init ] --END-- [ RunTime:0.001949s ]
ERR: 无法加载模块:Punlic

[ 2017-01-23T15:37:35+08:00 ] 127.0.0.1 /Punlic/Admin/css/base.css
INFO: [ app_init ] --START--
INFO: Run Behavior\BuildLiteBehavior [ RunTime:0.000038s ]
INFO: [ app_init ] --END-- [ RunTime:0.000641s ]
ERR: 无法加载模块:Punlic

[ 2017-01-23T15:37:35+08:00 ] 127.0.0.1 /Punlic/Admin/css/login.css
INFO: [ app_init ] --START--
INFO: Run Behavior\BuildLiteBehavior [ RunTime:0.000115s ]
INFO: [ app_init ] --END-- [ RunTime:0.001894s ]
ERR: 无法加载模块:Punlic

[ 2017-01-23T15:37:36+08:00 ] 127.0.0.1 /Punlic/Admin/css/base.css
INFO: [ app_init ] --START--
INFO: Run Behavior\BuildLiteBehavior [ RunTime:0.000037s ]
INFO: [ app_init ] --END-- [ RunTime:0.000607s ]
ERR: 无法加载模块:Punlic

[ 2017-01-23T15:37:36+08:00 ] 127.0.0.1 /Punlic/Admin/css/login.css
INFO: [ app_init ] --START--
INFO: Run Behavior\BuildLiteBehavior [ RunTime:0.000024s ]
INFO: [ app_init ] --END-- [ RunTime:0.000443s ]
ERR: 无法加载模块:Punlic

[ 2017-01-23T15:37:36+08:00 ] 127.0.0.1 /Punlic/Admin/css/login.css
INFO: [ app_init ] --START--
INFO: Run Behavior\BuildLiteBehavior [ RunTime:0.000038s ]
INFO: [ app_init ] --END-- [ RunTime:0.000621s ]
ERR: 无法加载模块:Punlic

[ 2017-01-23T15:37:36+08:00 ] 127.0.0.1 /Punlic/Admin/css/base.css
INFO: [ app_init ] --START--
INFO: Run Behavior\BuildLiteBehavior [ RunTime:0.000041s ]
INFO: [ app_init ] --END-- [ RunTime:0.001113s ]
ERR: 无法加载模块:Punlic

[ 2017-01-23T15:44:35+08:00 ] 127.0.0.1 /Public/Admin/common.js
INFO: [ app_init ] --START--
INFO: Run Behavior\BuildLiteBehavior [ RunTime:0.000040s ]
INFO: [ app_init ] --END-- [ RunTime:0.000949s ]
ERR: 无法加载模块:Public

[ 2017-01-23T15:44:35+08:00 ] 127.0.0.1 /Public/Admin/jquery.js
INFO: [ app_init ] --START--
INFO: Run Behavior\BuildLiteBehavior [ RunTime:0.000045s ]
INFO: [ app_init ] --END-- [ RunTime:0.001059s ]
ERR: 无法加载模块:Public

[ 2017-01-23T15:44:35+08:00 ] 127.0.0.1 /Public/Admin/common.js
INFO: [ app_init ] --START--
INFO: Run Behavior\BuildLiteBehavior [ RunTime:0.000038s ]
INFO: [ app_init ] --END-- [ RunTime:0.000800s ]
ERR: 无法加载模块:Public

